<?xml version="1.0" encoding="UTF-8"?>
<!-- Generated by org.testng.reporters.JUnitReportReporter -->
<testsuite hostname="Apples-MacBook-Pro.local" failures="0" tests="3" name="com.cs.pageTest.CoverSelfFormTest" time="23.359" errors="0" timestamp="2024-04-18T21:31:03 IST" skipped="0">
  <testcase classname="com.cs.pageTest.CoverSelfFormTest" name="validateNavigationToAppPage" time="3.431"/>
  <system-out/>
  <testcase classname="com.cs.pageTest.CoverSelfFormTest" name="ValidateSuccessfulAPIGenerate" time="17.616"/>
  <system-out/>
  <testcase classname="com.cs.pageTest.CoverSelfFormTest" name="validateGeneartedApiDataWithOutputFileSave" time="2.312"/>
  <system-out/>
</testsuite> <!-- com.cs.pageTest.CoverSelfFormTest -->
